

> @smart-schedule/frontend@0.0.0 build /home/pablo/vibe-coding/smart-schedule/apps/frontend
> ng build

[?25l[2m◼[22m Building...
[2K[1A[2K[G[33m⠋[39m Building...
[2K[1A[2K[G[33m⠙[39m Building...
[2K[1A[2K[G[33m⠹[39m Building...
[2K[1A[2K[G[33m⠸[39m Building...
[2K[1A[2K[G[33m⠼[39m Building...
[2K[1A[2K[G[33m⠴[39m Building...
[2K[1A[2K[G[33m⠦[39m Building...
[2K[1A[2K[G[33m⠧[39m Building...
[2K[1A[2K[G[33m⠇[39m Building...
[2K[1A[2K[G[33m⠏[39m Building...
[2K[1A[2K[G[33m⠋[39m Building...
[2K[1A[2K[G[33m⠙[39m Building...
[2K[1A[2K[G[33m⠹[39m Building...
[2K[1A[2K[G[33m⠸[39m Building...
[2K[1A[2K[G[33m⠼[39m Building...
[2K[1A[2K[G[33m⠴[39m Building...
[2K[1A[2K[G[33m⠦[39m Building...
[2K[1A[2K[G[33m⠧[39m Building...
[2K[1A[2K[G[33m⠇[39m Building...
[2K[1A[2K[G[33m⠏[39m Building...
[2K[1A[2K[G[33m⠋[39m Building...
[2K[1A[2K[G[33m⠙[39m Building...
[2K[1A[2K[G[33m⠹[39m Building...
[2K[1A[2K[G[33m⠸[39m Building...
[2K[1A[2K[G[33m⠼[39m Building...
[2K[1A[2K[G[33m⠴[39m Building...
[2K[1A[2K[G[33m⠦[39m Building...
[2K[1A[2K[G[33m⠧[39m Building...
[2K[1A[2K[G[33m⠇[39m Building...
[2K[1A[2K[G[33m⠏[39m Building...
[2K[1A[2K[G[33m⠋[39m Building...
[2K[1A[2K[G[33m⠙[39m Building...
[2K[1A[2K[G[33m⠹[39m Building...
[2K[1A[2K[G[33m⠸[39m Building...
[2K[1A[2K[G[32m✔[39m Building...
[2K[1A[2K[G[?25h[1mInitial chunk files[22m[2m | [22m[1mNames[22m        [2m | [22m [1mRaw size[22m[2m | [22m[1mEstimated transfer size[22m
[32mmain-K5SGLPOH.js[39m   [2m | [22m[2mmain[22m         [2m | [22m[36m188.59 kB[39m[2m | [22m               [36m51.32 kB[39m
[32mstyles-5INURTSO.css[39m[2m | [22m[2mstyles[22m       [2m | [22m  [36m0 bytes[39m[2m | [22m                [36m0 bytes[39m

[1m [22m                  [2m | [22m[1mInitial total[22m[2m | [22m[1m188.59 kB[22m[2m | [22m               [1m51.32 kB[22m

Application bundle generation complete. [3.495 seconds] - 2026-03-10T16:32:06.816Z

Output location: /home/pablo/vibe-coding/smart-schedule/apps/frontend/dist/frontend

[?25h
